Arguments: 
  /usr/local/bin/node /usr/local/Cellar/yarn/1.19.1/libexec/bin/yarn.js init

PATH: 
  /Users/hemesh/.asdf/shims:/usr/local/opt/asdf/bin:~/.erlangInstaller/default/bin:/Users/hemesh/.rvm/gems/ruby-2.6.1/bin:/Users/hemesh/.rvm/gems/ruby-2.6.1@global/bin:/Users/hemesh/.rvm/rubies/ruby-2.6.1/bin:/Applications/Postgres.app/Contents/Versions/latest/bin:/usr/local:/usr/local/bin:/usr/local/sbin:/usr/bin:/usr/local/bin:/usr/bin:/bin:/usr/sbin:/sbin:~/.erlangInstaller/default/bin:/Users/hemesh/.rvm/gems/ruby-2.6.1/bin:/Users/hemesh/.rvm/gems/ruby-2.6.1@global/bin:/Users/hemesh/.rvm/rubies/ruby-2.6.1/bin:/Applications/Postgres.app/Contents/Versions/latest/bin:/usr/local:/usr/local/sbin:/Users/hemesh/.rvm/bin

Yarn version: 
  1.19.1

Node version: 
  13.6.0

Platform: 
  darwin x64

Trace: 
  Error: canceled
      at Interface.<anonymous> (/usr/local/Cellar/yarn/1.19.1/libexec/lib/cli.js:136824:13)
      at Interface.emit (events.js:321:20)
      at Interface._ttyWrite (readline.js:881:16)
      at ReadStream.onkeypress (readline.js:199:10)
      at ReadStream.emit (events.js:321:20)
      at emitKeys (internal/readline/utils.js:439:14)
      at emitKeys.next (<anonymous>)
      at ReadStream.onData (readline.js:1149:36)
      at ReadStream.emit (events.js:321:20)
      at addChunk (_stream_readable.js:305:12)

npm manifest: 
  No manifest

yarn manifest: 
  No manifest

Lockfile: 
  No lockfile
